<?xml version="1.0" encoding="UTF-8"?>
<!-- Generated by org.testng.reporters.JUnitXMLReporter -->
<testsuite ignored="4" hostname="DESKTOP-6D8D7QH" failures="0" tests="15" name="Group of group Test" time="0.124" errors="0" timestamp="2021-07-24T01:13:12 EET">
  <testcase classname="Bagisto.MarahAdmin.App" name="@BeforeSuite webDriver" time="5.649">
    <failure type="java.lang.NoSuchMethodError" message="&amp;apos;java.util.stream.Collector com.google.common.collect.ImmutableList.toImmutableList()&amp;apos;">
      <![CDATA[java.lang.NoSuchMethodError: 'java.util.stream.Collector com.google.common.collect.ImmutableList.toImmutableList()'
at org.openqa.selenium.chrome.ChromeOptions.asMap(ChromeOptions.java:292)
at org.openqa.selenium.remote.NewSessionPayload.create(NewSessionPayload.java:94)
at org.openqa.selenium.remote.ProtocolHandshake.createSession(ProtocolHandshake.java:68)
at org.openqa.selenium.remote.HttpCommandExecutor.execute(HttpCommandExecutor.java:136)
at org.openqa.selenium.remote.service.DriverCommandExecutor.execute(DriverCommandExecutor.java:83)
at org.openqa.selenium.remote.RemoteWebDriver.execute(RemoteWebDriver.java:552)
at org.openqa.selenium.remote.RemoteWebDriver.startSession(RemoteWebDriver.java:213)
at org.openqa.selenium.remote.RemoteWebDriver.<init>(RemoteWebDriver.java:131)
at org.openqa.selenium.chrome.ChromeDriver.<init>(ChromeDriver.java:181)
at org.openqa.selenium.chrome.ChromeDriver.<init>(ChromeDriver.java:168)
at org.openqa.selenium.chrome.ChromeDriver.<init>(ChromeDriver.java:123)
at Bagisto.MarahAdmin.App.webDriver(App.java:24)
at java.base/jdk.internal.reflect.NativeMethodAccessorImpl.invoke0(Native Method)
at java.base/jdk.internal.reflect.NativeMethodAccessorImpl.invoke(NativeMethodAccessorImpl.java:78)
at java.base/jdk.internal.reflect.DelegatingMethodAccessorImpl.invoke(DelegatingMethodAccessorImpl.java:43)
at java.base/java.lang.reflect.Method.invoke(Method.java:567)
at org.testng.internal.MethodInvocationHelper.invokeMethod(MethodInvocationHelper.java:133)
at org.testng.internal.MethodInvocationHelper.invokeMethodConsideringTimeout(MethodInvocationHelper.java:62)
at org.testng.internal.ConfigInvoker.invokeConfigurationMethod(ConfigInvoker.java:385)
at org.testng.internal.ConfigInvoker.invokeConfigurations(ConfigInvoker.java:321)
at org.testng.SuiteRunner.privateRun(SuiteRunner.java:317)
at org.testng.SuiteRunner.run(SuiteRunner.java:276)
at org.testng.SuiteRunnerWorker.runSuite(SuiteRunnerWorker.java:53)
at org.testng.SuiteRunnerWorker.run(SuiteRunnerWorker.java:96)
at org.testng.TestNG.runSuitesSequentially(TestNG.java:1212)
at org.testng.TestNG.runSuitesLocally(TestNG.java:1134)
at org.testng.TestNG.runSuites(TestNG.java:1063)
at org.testng.TestNG.run(TestNG.java:1031)
at org.testng.remote.AbstractRemoteTestNG.run(AbstractRemoteTestNG.java:115)
at org.testng.remote.RemoteTestNG.initAndRun(RemoteTestNG.java:251)
at org.testng.remote.RemoteTestNG.main(RemoteTestNG.java:77)
]]>
    </failure>
  </testcase> <!-- @BeforeSuite webDriver -->
  <testcase classname="Marah.Admin.TestCases.LoginPageTest" name="login_with_empty_data" time="0.0">
    <skipped/>
  </testcase> <!-- login_with_empty_data -->
  <testcase classname="Marah.Admin.TestCases.LoginPageTest" name="login_with_invalid_credentials" time="0.0">
    <skipped/>
  </testcase> <!-- login_with_invalid_credentials -->
  <testcase classname="Marah.Admin.TestCases.LoginPageTest" name="login_with_valid_credentials" time="0.0">
    <skipped/>
  </testcase> <!-- login_with_valid_credentials -->
  <testcase classname="Marah.Admin.TestCases.EventsPageTest" name="go_to_Events_page" time="0.0">
    <skipped/>
  </testcase> <!-- go_to_Events_page -->
  <testcase classname="Marah.Admin.TestCases.EventsPageTest" name="add_event_with_empty" time="0.0">
    <skipped/>
  </testcase> <!-- add_event_with_empty -->
  <testcase classname="Marah.Admin.TestCases.EventsPageTest" name="add_eventwith_name_only" time="0.0">
    <skipped/>
  </testcase> <!-- add_eventwith_name_only -->
  <testcase classname="Marah.Admin.TestCases.EventsPageTest" name="add_event_with_invalid_date" time="0.0">
    <skipped/>
  </testcase> <!-- add_event_with_invalid_date -->
  <testcase classname="Marah.Admin.TestCases.EventsPageTest" name="add_event_special_show" time="0.0">
    <skipped/>
  </testcase> <!-- add_event_special_show -->
  <testcase classname="Marah.Admin.TestCases.EventsPageTest" name="add_event_special_price" time="0.0">
    <skipped/>
  </testcase> <!-- add_event_special_price -->
  <testcase classname="Marah.Admin.TestCases.EventsPageTest" name="delete_event" time="0.0">
    <skipped/>
  </testcase> <!-- delete_event -->
  <testcase classname="Marah.Admin.TestCases.ServicesTypesTest" name="go_to_services_Types_page" time="0.0">
    <skipped/>
  </testcase> <!-- go_to_services_Types_page -->
  <testcase classname="Marah.Admin.TestCases.ServicesTypesTest" name="add_services_types" time="0.0">
    <skipped/>
  </testcase> <!-- add_services_types -->
  <testcase classname="Marah.Admin.TestCases.ServicesTypesTest" name="delete_services_types" time="0.0">
    <skipped/>
  </testcase> <!-- delete_services_types -->
  <testcase classname="Marah.Admin.TestCases.ServicesTypesTest" name="add_empty_field" time="0.0">
    <skipped/>
  </testcase> <!-- add_empty_field -->
  <testcase classname="Marah.Admin.TestCases.ServicesTypesTest" name="edit_services_types" time="0.0">
    <skipped/>
  </testcase> <!-- edit_services_types -->
  <testcase classname="Bagisto.MarahAdmin.App" name="@AfterSuite webDriver1" time="0.0">
    <ignored/>
  </testcase> <!-- @AfterSuite webDriver1 -->
  <testcase classname="Bagisto.MarahAdmin.App" name="@AfterSuite webDriver1" time="0.0">
    <ignored/>
  </testcase> <!-- @AfterSuite webDriver1 -->
  <testcase classname="Bagisto.MarahAdmin.App" name="@BeforeSuite webDriver" time="0.0">
    <ignored/>
  </testcase> <!-- @BeforeSuite webDriver -->
  <testcase classname="Bagisto.MarahAdmin.App" name="@BeforeSuite webDriver" time="0.0">
    <ignored/>
  </testcase> <!-- @BeforeSuite webDriver -->
</testsuite> <!-- Group of group Test -->
