<?xml version="1.0" encoding="UTF-8"?>
<testsuite xmlns:xsi="http://www.w3.org/2001/XMLSchema-instance" xsi:noNamespaceSchemaLocation="https://maven.apache.org/surefire/maven-surefire-plugin/xsd/surefire-test-report.xsd" name="TestSuite" time="241.239" tests="46" errors="0" skipped="0" failures="4">
  <properties>
[...]
</properties>
  <testcase name="login_with_empty_data" classname="Marah.Admin.TestCases.LoginPageTest" time="1.199"/>
  <testcase name="login_with_invalid_credentials" classname="Marah.Admin.TestCases.LoginPageTest" time="1.942"/>
  <testcase name="login_with_valid_credentials" classname="Marah.Admin.TestCases.LoginPageTest" time="5.158"/>
  <testcase name="go_to_Users_page" classname="Marah.Admin.TestCases.UsersTest" time="1.991"/>
  <testcase name="add_user_with_empty" classname="Marah.Admin.TestCases.UsersTest" time="5.96"/>
  <testcase name="add_user_admin" classname="Marah.Admin.TestCases.UsersTest" time="6.757">
    <failure message="no such element: Unable to locate element: {&quot;method&quot;:&quot;xpath&quot;,&quot;selector&quot;:&quot;/html/body/div[3]/div/div&quot;}&#10;  (Session info: chrome=92.0.4515.107)&#10;For documentation on this error, please visit: https://www.seleniumhq.org/exceptions/no_such_element.html&#10;Build info: version: &apos;3.141.59&apos;, revision: &apos;e82be7d358&apos;, time: &apos;2018-11-14T08:17:03&apos;&#10;System info: host: &apos;DESKTOP-6D8D7QH&apos;, ip: &apos;192.168.1.2&apos;, os.name: &apos;Windows 10&apos;, os.arch: &apos;amd64&apos;, os.version: &apos;10.0&apos;, java.version: &apos;11.0.8&apos;&#10;Driver info: org.openqa.selenium.chrome.ChromeDriver&#10;Capabilities {acceptInsecureCerts: false, browserName: chrome, browserVersion: 92.0.4515.107, chrome: {chromedriverVersion: 91.0.4472.101 (af52a90bf870..., userDataDir: C:\Users\tarek\AppData\Loca...}, goog:chromeOptions: {debuggerAddress: localhost:50484}, javascriptEnabled: true, networkConnectionEnabled: false, pageLoadStrategy: normal, platform: WINDOWS, platformName: WINDOWS, proxy: Proxy(), setWindowRect: true, strictFileInteractability: false, timeouts: {implicit: 0, pageLoad: 300000, script: 30000}, unhandledPromptBehavior: dismiss and notify, webauthn:extension:largeBlob: true, webauthn:virtualAuthenticators: true}&#10;Session ID: cc70ba4c212a6a60d47aa0bd50409d9b&#10;*** Element info: {Using=xpath, value=/html/body/div[3]/div/div}" type="org.openqa.selenium.NoSuchElementException">org.openqa.selenium.NoSuchElementException: 
no such element: Unable to locate element: {"method":"xpath","selector":"/html/body/div[3]/div/div"}
  (Session info: chrome=92.0.4515.107)
For documentation on this error, please visit: https://www.seleniumhq.org/exceptions/no_such_element.html
Build info: version: '3.141.59', revision: 'e82be7d358', time: '2018-11-14T08:17:03'
System info: host: 'DESKTOP-6D8D7QH', ip: '192.168.1.2', os.name: 'Windows 10', os.arch: 'amd64', os.version: '10.0', java.version: '11.0.8'
Driver info: org.openqa.selenium.chrome.ChromeDriver
Capabilities {acceptInsecureCerts: false, browserName: chrome, browserVersion: 92.0.4515.107, chrome: {chromedriverVersion: 91.0.4472.101 (af52a90bf870..., userDataDir: C:\Users\tarek\AppData\Loca...}, goog:chromeOptions: {debuggerAddress: localhost:50484}, javascriptEnabled: true, networkConnectionEnabled: false, pageLoadStrategy: normal, platform: WINDOWS, platformName: WINDOWS, proxy: Proxy(), setWindowRect: true, strictFileInteractability: false, timeouts: {implicit: 0, pageLoad: 300000, script: 30000}, unhandledPromptBehavior: dismiss and notify, webauthn:extension:largeBlob: true, webauthn:virtualAuthenticators: true}
Session ID: cc70ba4c212a6a60d47aa0bd50409d9b
*** Element info: {Using=xpath, value=/html/body/div[3]/div/div}
	at Marah.Admin.TestCases.UsersTest.add_user_admin(UsersTest.java:79)
</failure>
  </testcase>
  <testcase name="add_user_center_admin" classname="Marah.Admin.TestCases.UsersTest" time="8.062"/>
  <testcase name="add_user_technical_support" classname="Marah.Admin.TestCases.UsersTest" time="5.936">
    <failure message="no such element: Unable to locate element: {&quot;method&quot;:&quot;xpath&quot;,&quot;selector&quot;:&quot;/html/body/div[3]/div/div&quot;}&#10;  (Session info: chrome=92.0.4515.107)&#10;For documentation on this error, please visit: https://www.seleniumhq.org/exceptions/no_such_element.html&#10;Build info: version: &apos;3.141.59&apos;, revision: &apos;e82be7d358&apos;, time: &apos;2018-11-14T08:17:03&apos;&#10;System info: host: &apos;DESKTOP-6D8D7QH&apos;, ip: &apos;192.168.1.2&apos;, os.name: &apos;Windows 10&apos;, os.arch: &apos;amd64&apos;, os.version: &apos;10.0&apos;, java.version: &apos;11.0.8&apos;&#10;Driver info: org.openqa.selenium.chrome.ChromeDriver&#10;Capabilities {acceptInsecureCerts: false, browserName: chrome, browserVersion: 92.0.4515.107, chrome: {chromedriverVersion: 91.0.4472.101 (af52a90bf870..., userDataDir: C:\Users\tarek\AppData\Loca...}, goog:chromeOptions: {debuggerAddress: localhost:50484}, javascriptEnabled: true, networkConnectionEnabled: false, pageLoadStrategy: normal, platform: WINDOWS, platformName: WINDOWS, proxy: Proxy(), setWindowRect: true, strictFileInteractability: false, timeouts: {implicit: 0, pageLoad: 300000, script: 30000}, unhandledPromptBehavior: dismiss and notify, webauthn:extension:largeBlob: true, webauthn:virtualAuthenticators: true}&#10;Session ID: cc70ba4c212a6a60d47aa0bd50409d9b&#10;*** Element info: {Using=xpath, value=/html/body/div[3]/div/div}" type="org.openqa.selenium.NoSuchElementException">org.openqa.selenium.NoSuchElementException: 
no such element: Unable to locate element: {"method":"xpath","selector":"/html/body/div[3]/div/div"}
  (Session info: chrome=92.0.4515.107)
For documentation on this error, please visit: https://www.seleniumhq.org/exceptions/no_such_element.html
Build info: version: '3.141.59', revision: 'e82be7d358', time: '2018-11-14T08:17:03'
System info: host: 'DESKTOP-6D8D7QH', ip: '192.168.1.2', os.name: 'Windows 10', os.arch: 'amd64', os.version: '10.0', java.version: '11.0.8'
Driver info: org.openqa.selenium.chrome.ChromeDriver
Capabilities {acceptInsecureCerts: false, browserName: chrome, browserVersion: 92.0.4515.107, chrome: {chromedriverVersion: 91.0.4472.101 (af52a90bf870..., userDataDir: C:\Users\tarek\AppData\Loca...}, goog:chromeOptions: {debuggerAddress: localhost:50484}, javascriptEnabled: true, networkConnectionEnabled: false, pageLoadStrategy: normal, platform: WINDOWS, platformName: WINDOWS, proxy: Proxy(), setWindowRect: true, strictFileInteractability: false, timeouts: {implicit: 0, pageLoad: 300000, script: 30000}, unhandledPromptBehavior: dismiss and notify, webauthn:extension:largeBlob: true, webauthn:virtualAuthenticators: true}
Session ID: cc70ba4c212a6a60d47aa0bd50409d9b
*** Element info: {Using=xpath, value=/html/body/div[3]/div/div}
	at Marah.Admin.TestCases.UsersTest.add_user_technical_support(UsersTest.java:110)
</failure>
  </testcase>
  <testcase name="delete_user" classname="Marah.Admin.TestCases.UsersTest" time="7.777"/>
  <testcase name="edit_user" classname="Marah.Admin.TestCases.UsersTest" time="5.024"/>
  <testcase name="add_user_admin_by_registered_emai_phone" classname="Marah.Admin.TestCases.UsersTest" time="7.036">
    <failure message=" it is inValid expected [The email has already been taken.] but found [The Phone has already been taken.]" type="java.lang.AssertionError">java.lang.AssertionError:  it is inValid expected [The email has already been taken.] but found [The Phone has already been taken.]
	at Marah.Admin.TestCases.UsersTest.add_user_admin_by_registered_emai_phone(UsersTest.java:158)
</failure>
  </testcase>
  <testcase name="go_to_Customer_page" classname="Marah.Admin.TestCases.CustomerPageTest" time="1.046"/>
  <testcase name="add_Customer" classname="Marah.Admin.TestCases.CustomerPageTest" time="4.4"/>
  <testcase name="add_user_admin_by_registered_phone" classname="Marah.Admin.TestCases.CustomerPageTest" time="4.325"/>
  <testcase name="edit_Customer" classname="Marah.Admin.TestCases.CustomerPageTest" time="6.317"/>
  <testcase name="delete_Customer" classname="Marah.Admin.TestCases.CustomerPageTest" time="5.49"/>
  <testcase name="add_Customer_without_name" classname="Marah.Admin.TestCases.CustomerPageTest" time="2.148"/>
  <testcase name="go_to_services_Types_page" classname="Marah.Admin.TestCases.ServicesTypesTest" time="0.714"/>
  <testcase name="add_services_types" classname="Marah.Admin.TestCases.ServicesTypesTest" time="2.641"/>
  <testcase name="delete_services_types" classname="Marah.Admin.TestCases.ServicesTypesTest" time="3.84"/>
  <testcase name="add_empty_field" classname="Marah.Admin.TestCases.ServicesTypesTest" time="1.155"/>
  <testcase name="edit_services_types" classname="Marah.Admin.TestCases.ServicesTypesTest" time="3.986"/>
  <testcase name="go_to_Center_page" classname="Marah.Admin.TestCases.CenterPageTest" time="1.541"/>
  <testcase name="add_center" classname="Marah.Admin.TestCases.CenterPageTest" time="23.914"/>
  <testcase name="delete_center" classname="Marah.Admin.TestCases.CenterPageTest" time="6.742"/>
  <testcase name="edit_center" classname="Marah.Admin.TestCases.CenterPageTest" time="6.554"/>
  <testcase name="add_center_with_empty" classname="Marah.Admin.TestCases.CenterPageTest" time="3.941"/>
  <testcase name="disable_center" classname="Marah.Admin.TestCases.CenterPageTest" time="3.862"/>
  <testcase name="disable_reservation_center" classname="Marah.Admin.TestCases.CenterPageTest" time="3.853"/>
  <testcase name="go_to_Events_page" classname="Marah.Admin.TestCases.EventsPageTest" time="0.723"/>
  <testcase name="add_event_with_empty" classname="Marah.Admin.TestCases.EventsPageTest" time="5.444"/>
  <testcase name="add_eventwith_name_only" classname="Marah.Admin.TestCases.EventsPageTest" time="3.016"/>
  <testcase name="add_event_with_invalid_date" classname="Marah.Admin.TestCases.EventsPageTest" time="5.353">
    <failure message="no such element: Unable to locate element: {&quot;method&quot;:&quot;xpath&quot;,&quot;selector&quot;:&quot;*//*[@class=&apos;alert alert-danger&apos;]/ul/li[1]&quot;}&#10;  (Session info: chrome=92.0.4515.107)&#10;For documentation on this error, please visit: https://www.seleniumhq.org/exceptions/no_such_element.html&#10;Build info: version: &apos;3.141.59&apos;, revision: &apos;e82be7d358&apos;, time: &apos;2018-11-14T08:17:03&apos;&#10;System info: host: &apos;DESKTOP-6D8D7QH&apos;, ip: &apos;192.168.1.2&apos;, os.name: &apos;Windows 10&apos;, os.arch: &apos;amd64&apos;, os.version: &apos;10.0&apos;, java.version: &apos;11.0.8&apos;&#10;Driver info: org.openqa.selenium.chrome.ChromeDriver&#10;Capabilities {acceptInsecureCerts: false, browserName: chrome, browserVersion: 92.0.4515.107, chrome: {chromedriverVersion: 91.0.4472.101 (af52a90bf870..., userDataDir: C:\Users\tarek\AppData\Loca...}, goog:chromeOptions: {debuggerAddress: localhost:50484}, javascriptEnabled: true, networkConnectionEnabled: false, pageLoadStrategy: normal, platform: WINDOWS, platformName: WINDOWS, proxy: Proxy(), setWindowRect: true, strictFileInteractability: false, timeouts: {implicit: 0, pageLoad: 300000, script: 30000}, unhandledPromptBehavior: dismiss and notify, webauthn:extension:largeBlob: true, webauthn:virtualAuthenticators: true}&#10;Session ID: cc70ba4c212a6a60d47aa0bd50409d9b&#10;*** Element info: {Using=xpath, value=*//*[@class=&apos;alert alert-danger&apos;]/ul/li[1]}" type="org.openqa.selenium.NoSuchElementException">org.openqa.selenium.NoSuchElementException: 
no such element: Unable to locate element: {"method":"xpath","selector":"*//*[@class='alert alert-danger']/ul/li[1]"}
  (Session info: chrome=92.0.4515.107)
For documentation on this error, please visit: https://www.seleniumhq.org/exceptions/no_such_element.html
Build info: version: '3.141.59', revision: 'e82be7d358', time: '2018-11-14T08:17:03'
System info: host: 'DESKTOP-6D8D7QH', ip: '192.168.1.2', os.name: 'Windows 10', os.arch: 'amd64', os.version: '10.0', java.version: '11.0.8'
Driver info: org.openqa.selenium.chrome.ChromeDriver
Capabilities {acceptInsecureCerts: false, browserName: chrome, browserVersion: 92.0.4515.107, chrome: {chromedriverVersion: 91.0.4472.101 (af52a90bf870..., userDataDir: C:\Users\tarek\AppData\Loca...}, goog:chromeOptions: {debuggerAddress: localhost:50484}, javascriptEnabled: true, networkConnectionEnabled: false, pageLoadStrategy: normal, platform: WINDOWS, platformName: WINDOWS, proxy: Proxy(), setWindowRect: true, strictFileInteractability: false, timeouts: {implicit: 0, pageLoad: 300000, script: 30000}, unhandledPromptBehavior: dismiss and notify, webauthn:extension:largeBlob: true, webauthn:virtualAuthenticators: true}
Session ID: cc70ba4c212a6a60d47aa0bd50409d9b
*** Element info: {Using=xpath, value=*//*[@class='alert alert-danger']/ul/li[1]}
	at Marah.Admin.TestCases.EventsPageTest.add_event_with_invalid_date(EventsPageTest.java:93)
</failure>
  </testcase>
  <testcase name="add_event_special_show" classname="Marah.Admin.TestCases.EventsPageTest" time="7.766"/>
  <testcase name="add_event_special_price" classname="Marah.Admin.TestCases.EventsPageTest" time="7.015"/>
  <testcase name="delete_event" classname="Marah.Admin.TestCases.EventsPageTest" time="4.456"/>
  <testcase name="go_to_Suggestion_page" classname="Marah.Admin.TestCases.SuggestionPageTest" time="1.085"/>
  <testcase name="add_suggestion" classname="Marah.Admin.TestCases.SuggestionPageTest" time="4.7"/>
  <testcase name="edit_suggestion" classname="Marah.Admin.TestCases.SuggestionPageTest" time="8.724"/>
  <testcase name="delete_suggestion" classname="Marah.Admin.TestCases.SuggestionPageTest" time="6.756"/>
  <testcase name="add_suggetion_without_name" classname="Marah.Admin.TestCases.SuggestionPageTest" time="3.763"/>
  <testcase name="go_to_Complain_page" classname="Marah.Admin.TestCases.ComplainPageTest" time="0.808"/>
  <testcase name="add_Complain" classname="Marah.Admin.TestCases.ComplainPageTest" time="4.901"/>
  <testcase name="edit_Complain" classname="Marah.Admin.TestCases.ComplainPageTest" time="9.857"/>
  <testcase name="delete_Complain" classname="Marah.Admin.TestCases.ComplainPageTest" time="5.661"/>
  <testcase name="add_suggetion_without_name" classname="Marah.Admin.TestCases.ComplainPageTest" time="2.605"/>
</testsuite>